2024-08-18 20:57:30.780 [main] INFO  testCases.TC_001_AccountRegisteration - ******* Finished TC_001_AccountRegisteration 
2024-08-18 20:57:58.752 [main] INFO  testCases.TC_001_AccountRegisteration - ******* Starting TC_001_AccountRegisteration 
2024-08-18 20:57:58.753 [main] INFO  testCases.TC_001_AccountRegisteration - Clicking on My account....
2024-08-18 20:57:58.830 [main] INFO  testCases.TC_001_AccountRegisteration - Clicking on Register....
2024-08-18 20:57:59.757 [main] INFO  testCases.TC_001_AccountRegisteration - Providing user details....
2024-08-18 20:58:01.374 [main] INFO  testCases.TC_001_AccountRegisteration - Validating expected message on page....
2024-08-18 20:58:01.409 [main] INFO  testCases.TC_001_AccountRegisteration - ******* Finished TC_001_AccountRegisteration 
2024-08-18 21:01:27.564 [main] INFO  testCases.TC_001_AccountRegisteration - ******* Starting TC_001_AccountRegisteration 
2024-08-18 21:01:27.588 [main] INFO  testCases.TC_001_AccountRegisteration - Clicking on My account....
2024-08-18 21:01:27.654 [main] INFO  testCases.TC_001_AccountRegisteration - Clicking on Register....
2024-08-18 21:01:28.394 [main] INFO  testCases.TC_001_AccountRegisteration - Providing user details....
2024-08-18 21:01:29.765 [main] INFO  testCases.TC_001_AccountRegisteration - Validating expected message on page....
2024-08-18 21:01:29.808 [main] INFO  testCases.TC_001_AccountRegisteration - ******* Finished TC_001_AccountRegisteration 
2024-08-18 21:01:44.969 [main] INFO  testCases.TC_001_AccountRegisteration - ******* Starting TC_001_AccountRegisteration 
2024-08-18 21:01:44.969 [main] INFO  testCases.TC_001_AccountRegisteration - Clicking on My account....
2024-08-18 21:01:45.211 [main] INFO  testCases.TC_001_AccountRegisteration - Clicking on Register....
2024-08-18 21:01:45.811 [main] INFO  testCases.TC_001_AccountRegisteration - Providing user details....
2024-08-18 21:01:47.340 [main] INFO  testCases.TC_001_AccountRegisteration - Validating expected message on page....
2024-08-18 21:01:47.363 [main] INFO  testCases.TC_001_AccountRegisteration - ******* Finished TC_001_AccountRegisteration 
2024-08-18 21:02:00.036 [main] INFO  testCases.TC_001_AccountRegisteration - ******* Starting TC_001_AccountRegisteration 
2024-08-18 21:02:00.037 [main] INFO  testCases.TC_001_AccountRegisteration - Clicking on My account....
2024-08-18 21:02:00.109 [main] INFO  testCases.TC_001_AccountRegisteration - Clicking on Register....
2024-08-18 21:02:00.912 [main] INFO  testCases.TC_001_AccountRegisteration - Providing user details....
2024-08-18 21:02:02.928 [main] INFO  testCases.TC_001_AccountRegisteration - Validating expected message on page....
2024-08-18 21:02:02.963 [main] INFO  testCases.TC_001_AccountRegisteration - ******* Finished TC_001_AccountRegisteration 
2024-08-18 21:03:05.189 [TestNG-tests-1] INFO  testCases.TC_001_AccountRegisteration - ******* Starting TC_001_AccountRegisteration 
2024-08-18 21:03:05.223 [TestNG-tests-1] INFO  testCases.TC_001_AccountRegisteration - Clicking on My account....
2024-08-18 21:03:05.451 [TestNG-tests-1] INFO  testCases.TC_001_AccountRegisteration - Clicking on Register....
2024-08-18 21:03:06.024 [TestNG-tests-3] INFO  testCases.TC_001_AccountRegisteration - ******* Starting TC_001_AccountRegisteration 
2024-08-18 21:03:06.025 [TestNG-tests-3] INFO  testCases.TC_001_AccountRegisteration - Clicking on My account....
2024-08-18 21:03:06.088 [TestNG-tests-3] INFO  testCases.TC_001_AccountRegisteration - Clicking on Register....
2024-08-18 21:03:06.282 [TestNG-tests-1] INFO  testCases.TC_001_AccountRegisteration - Providing user details....
2024-08-18 21:03:07.136 [TestNG-tests-3] INFO  testCases.TC_001_AccountRegisteration - Providing user details....
2024-08-18 21:03:07.453 [TestNG-tests-1] INFO  testCases.TC_001_AccountRegisteration - Validating expected message on page....
2024-08-18 21:03:07.501 [TestNG-tests-1] INFO  testCases.TC_001_AccountRegisteration - ******* Finished TC_001_AccountRegisteration 
2024-08-18 21:03:08.779 [TestNG-tests-3] INFO  testCases.TC_001_AccountRegisteration - Validating expected message on page....
2024-08-18 21:03:08.818 [TestNG-tests-3] INFO  testCases.TC_001_AccountRegisteration - ******* Finished TC_001_AccountRegisteration 
2024-08-18 21:03:28.058 [TestNG-tests-2] INFO  testCases.TC_001_AccountRegisteration - ******* Starting TC_001_AccountRegisteration 
2024-08-18 21:03:28.059 [TestNG-tests-2] INFO  testCases.TC_001_AccountRegisteration - Clicking on My account....
2024-08-18 21:03:28.318 [TestNG-tests-2] INFO  testCases.TC_001_AccountRegisteration - Clicking on Register....
2024-08-18 21:03:30.255 [TestNG-tests-2] INFO  testCases.TC_001_AccountRegisteration - Providing user details....
2024-08-18 21:03:32.040 [TestNG-tests-2] INFO  testCases.TC_001_AccountRegisteration - Validating expected message on page....
2024-08-18 21:03:32.068 [TestNG-tests-2] INFO  testCases.TC_001_AccountRegisteration - ******* Finished TC_001_AccountRegisteration 
