2024-09-12 18:31:57.988 [main] INFO  testCases.TC_001_AccountRegisteration - Providing user details....
2024-09-12 18:31:59.217 [main] INFO  testCases.TC_001_AccountRegisteration - Validating expected message on page....
2024-09-12 18:31:59.259 [main] INFO  testCases.TC_001_AccountRegisteration - ******* Finished TC_001_AccountRegisteration 
2024-09-12 18:32:16.791 [main] INFO  testCases.TC_002_LoginTest - ******* Starting TC_002_login test 
2024-09-12 18:32:17.323 [main] INFO  testCases.TC_002_LoginTest - Setting username...
2024-09-12 18:32:17.405 [main] INFO  testCases.TC_002_LoginTest - Setting password...
2024-09-12 18:32:17.465 [main] INFO  testCases.TC_002_LoginTest - clicking on login button...
2024-09-12 18:32:18.106 [main] INFO  testCases.TC_002_LoginTest - confirming successful login...
2024-09-12 18:32:19.291 [main] INFO  testCases.TC_002_LoginTest - ******* Finished TC_002_Login test
2024-09-12 18:38:22.089 [main] DEBUG org.testng.TestNG - suiteXmlPath: "C:\Users\pratham.kale\eclipse-workspace\OpencartV_01\grouping.xml"
2024-09-12 18:38:22.416 [main] INFO  org.testng.internal.Utils - [TestNG] Running:
  C:\Users\pratham.kale\eclipse-workspace\OpencartV_01\grouping.xml

2024-09-12 18:38:29.313 [main] INFO  testCases.TC_001_AccountRegisteration - ******* Starting TC_001_AccountRegisteration 
2024-09-12 18:38:29.335 [main] INFO  testCases.TC_001_AccountRegisteration - Clicking on My account....
2024-09-12 18:38:29.394 [main] INFO  testCases.TC_001_AccountRegisteration - Clicking on Register....
2024-09-12 18:38:29.964 [main] INFO  testCases.TC_001_AccountRegisteration - Providing user details....
2024-09-12 18:38:31.279 [main] INFO  testCases.TC_001_AccountRegisteration - Validating expected message on page....
2024-09-12 18:38:31.318 [main] INFO  testCases.TC_001_AccountRegisteration - ******* Finished TC_001_AccountRegisteration 
2024-09-12 18:38:43.982 [main] INFO  testCases.TC_002_LoginTest - ******* Starting TC_002_login test 
2024-09-12 18:38:44.449 [main] INFO  testCases.TC_002_LoginTest - Setting username...
2024-09-12 18:38:44.522 [main] INFO  testCases.TC_002_LoginTest - Setting password...
2024-09-12 18:38:44.574 [main] INFO  testCases.TC_002_LoginTest - clicking on login button...
2024-09-12 18:38:45.199 [main] INFO  testCases.TC_002_LoginTest - confirming successful login...
2024-09-12 18:38:46.246 [main] INFO  testCases.TC_002_LoginTest - ******* Finished TC_002_Login test
2024-09-12 18:42:24.239 [main] DEBUG org.testng.TestNG - suiteXmlPath: "C:\Users\pratham.kale\eclipse-workspace\OpencartV_01\grouping.xml"
2024-09-12 18:42:24.551 [main] INFO  org.testng.internal.Utils - [TestNG] Running:
  C:\Users\pratham.kale\eclipse-workspace\OpencartV_01\grouping.xml

2024-09-12 18:42:31.492 [main] INFO  testCases.TC_001_AccountRegisteration - ******* Starting TC_001_AccountRegisteration 
2024-09-12 18:42:31.509 [main] INFO  testCases.TC_001_AccountRegisteration - Clicking on My account....
2024-09-12 18:42:31.569 [main] INFO  testCases.TC_001_AccountRegisteration - Clicking on Register....
2024-09-12 18:42:32.105 [main] INFO  testCases.TC_001_AccountRegisteration - Providing user details....
2024-09-12 18:42:33.337 [main] INFO  testCases.TC_001_AccountRegisteration - Validating expected message on page....
2024-09-12 18:42:33.385 [main] INFO  testCases.TC_001_AccountRegisteration - ******* Finished TC_001_AccountRegisteration 
2024-09-12 18:42:46.513 [main] INFO  testCases.TC_002_LoginTest - ******* Starting TC_002_login test 
2024-09-12 18:42:46.970 [main] INFO  testCases.TC_002_LoginTest - Setting username...
2024-09-12 18:42:47.052 [main] INFO  testCases.TC_002_LoginTest - Setting password...
2024-09-12 18:42:47.104 [main] INFO  testCases.TC_002_LoginTest - clicking on login button...
2024-09-12 18:42:47.829 [main] INFO  testCases.TC_002_LoginTest - confirming successful login...
2024-09-12 18:42:48.828 [main] INFO  testCases.TC_002_LoginTest - ******* Finished TC_002_Login test
2024-09-12 18:44:09.624 [main] DEBUG org.testng.TestNG - suiteXmlPath: "C:\Users\pratham.kale\eclipse-workspace\OpencartV_01\grouping.xml"
2024-09-12 18:44:10.040 [main] INFO  org.testng.internal.Utils - [TestNG] Running:
  C:\Users\pratham.kale\eclipse-workspace\OpencartV_01\grouping.xml

2024-09-12 18:44:18.437 [main] INFO  testCases.TC_001_AccountRegisteration - ******* Starting TC_001_AccountRegisteration 
2024-09-12 18:44:18.463 [main] INFO  testCases.TC_001_AccountRegisteration - Clicking on My account....
2024-09-12 18:44:18.646 [main] INFO  testCases.TC_001_AccountRegisteration - Clicking on Register....
2024-09-12 18:44:19.314 [main] INFO  testCases.TC_001_AccountRegisteration - Providing user details....
2024-09-12 18:44:21.082 [main] INFO  testCases.TC_001_AccountRegisteration - Validating expected message on page....
2024-09-12 18:44:21.149 [main] INFO  testCases.TC_001_AccountRegisteration - ******* Finished TC_001_AccountRegisteration 
2024-09-12 18:44:36.279 [main] INFO  testCases.TC_002_LoginTest - ******* Starting TC_002_login test 
2024-09-12 18:44:36.959 [main] INFO  testCases.TC_002_LoginTest - Setting username...
2024-09-12 18:44:37.078 [main] INFO  testCases.TC_002_LoginTest - Setting password...
2024-09-12 18:44:37.180 [main] INFO  testCases.TC_002_LoginTest - clicking on login button...
2024-09-12 18:44:38.060 [main] INFO  testCases.TC_002_LoginTest - confirming successful login...
2024-09-12 18:44:39.610 [main] INFO  testCases.TC_002_LoginTest - ******* Finished TC_002_Login test
2024-09-12 18:48:24.201 [main] DEBUG org.testng.TestNG - suiteXmlPath: "C:\Users\pratham.kale\eclipse-workspace\OpencartV_01\grouping.xml"
2024-09-12 18:48:24.587 [main] INFO  org.testng.internal.Utils - [TestNG] Running:
  C:\Users\pratham.kale\eclipse-workspace\OpencartV_01\grouping.xml

2024-09-12 18:48:33.329 [main] INFO  testCases.TC_001_AccountRegisteration - ******* Starting TC_001_AccountRegisteration 
2024-09-12 18:48:33.356 [main] INFO  testCases.TC_001_AccountRegisteration - Clicking on My account....
2024-09-12 18:48:33.578 [main] INFO  testCases.TC_001_AccountRegisteration - Clicking on Register....
2024-09-12 18:48:34.217 [main] INFO  testCases.TC_001_AccountRegisteration - Providing user details....
2024-09-12 18:48:36.287 [main] INFO  testCases.TC_001_AccountRegisteration - Validating expected message on page....
2024-09-12 18:48:36.350 [main] INFO  testCases.TC_001_AccountRegisteration - ******* Finished TC_001_AccountRegisteration 
2024-09-12 18:48:51.469 [main] INFO  testCases.TC_002_LoginTest - ******* Starting TC_002_login test 
2024-09-12 18:48:52.376 [main] INFO  testCases.TC_002_LoginTest - Setting username...
2024-09-12 18:48:52.490 [main] INFO  testCases.TC_002_LoginTest - Setting password...
2024-09-12 18:51:10.716 [main] DEBUG org.testng.TestNG - suiteXmlPath: "C:\Users\pratham.kale\eclipse-workspace\OpencartV_01\grouping.xml"
2024-09-12 18:51:11.119 [main] INFO  org.testng.internal.Utils - [TestNG] Running:
  C:\Users\pratham.kale\eclipse-workspace\OpencartV_01\grouping.xml

2024-09-12 18:51:20.385 [main] INFO  testCases.TC_001_AccountRegisteration - ******* Starting TC_001_AccountRegisteration 
2024-09-12 18:51:20.415 [main] INFO  testCases.TC_001_AccountRegisteration - Clicking on My account....
2024-09-12 18:51:20.562 [main] INFO  testCases.TC_001_AccountRegisteration - Clicking on Register....
2024-09-12 18:51:21.237 [main] INFO  testCases.TC_001_AccountRegisteration - Providing user details....
2024-09-12 18:51:23.075 [main] INFO  testCases.TC_001_AccountRegisteration - Validating expected message on page....
2024-09-12 18:51:23.151 [main] INFO  testCases.TC_001_AccountRegisteration - ******* Finished TC_001_AccountRegisteration 
2024-09-12 18:51:38.359 [main] INFO  testCases.TC_002_LoginTest - ******* Starting TC_002_login test 
2024-09-12 18:51:39.072 [main] INFO  testCases.TC_002_LoginTest - Setting username...
2024-09-12 18:51:39.189 [main] INFO  testCases.TC_002_LoginTest - Setting password...
2024-09-12 18:51:39.283 [main] INFO  testCases.TC_002_LoginTest - clicking on login button...
2024-09-12 18:51:39.909 [main] INFO  testCases.TC_002_LoginTest - confirming successful login...
2024-09-12 18:53:54.295 [main] DEBUG org.testng.TestNG - suiteXmlPath: "C:\Users\pratham.kale\eclipse-workspace\OpencartV_01\grouping.xml"
2024-09-12 18:53:54.698 [main] INFO  org.testng.internal.Utils - [TestNG] Running:
  C:\Users\pratham.kale\eclipse-workspace\OpencartV_01\grouping.xml

2024-09-12 18:54:03.024 [main] INFO  testCases.TC_001_AccountRegisteration - ******* Starting TC_001_AccountRegisteration 
2024-09-12 18:54:03.047 [main] INFO  testCases.TC_001_AccountRegisteration - Clicking on My account....
2024-09-12 18:54:03.335 [main] INFO  testCases.TC_001_AccountRegisteration - Clicking on Register....
2024-09-12 18:54:03.940 [main] INFO  testCases.TC_001_AccountRegisteration - Providing user details....
2024-09-12 18:54:06.040 [main] INFO  testCases.TC_001_AccountRegisteration - Validating expected message on page....
2024-09-12 18:54:06.127 [main] INFO  testCases.TC_001_AccountRegisteration - ******* Finished TC_001_AccountRegisteration 
2024-09-12 18:54:21.547 [main] INFO  testCases.TC_002_LoginTest - ******* Starting TC_002_login test 
2024-09-12 18:54:22.158 [main] INFO  testCases.TC_002_LoginTest - Setting username...
2024-09-12 18:54:22.298 [main] INFO  testCases.TC_002_LoginTest - Setting password...
2024-09-12 18:54:22.423 [main] INFO  testCases.TC_002_LoginTest - clicking on login button...
2024-09-12 18:54:23.320 [main] INFO  testCases.TC_002_LoginTest - confirming successful login...
2024-09-12 19:01:01.599 [main] DEBUG org.testng.TestNG - suiteXmlPath: "C:\Users\pratham.kale\eclipse-workspace\OpencartV_01\grouping.xml"
2024-09-12 19:01:01.999 [main] INFO  org.testng.internal.Utils - [TestNG] Running:
  C:\Users\pratham.kale\eclipse-workspace\OpencartV_01\grouping.xml

2024-09-12 19:01:11.184 [main] INFO  testCases.TC_001_AccountRegisteration - ******* Starting TC_001_AccountRegisteration 
2024-09-12 19:01:11.210 [main] INFO  testCases.TC_001_AccountRegisteration - Clicking on My account....
2024-09-12 19:01:11.441 [main] INFO  testCases.TC_001_AccountRegisteration - Clicking on Register....
2024-09-12 19:01:12.071 [main] INFO  testCases.TC_001_AccountRegisteration - Providing user details....
2024-09-12 19:01:13.818 [main] INFO  testCases.TC_001_AccountRegisteration - Validating expected message on page....
2024-09-12 19:01:13.870 [main] INFO  testCases.TC_001_AccountRegisteration - ******* Finished TC_001_AccountRegisteration 
2024-09-12 19:01:28.885 [main] INFO  testCases.TC_002_LoginTest - ******* Starting TC_002_login test 
2024-09-12 19:01:29.723 [main] INFO  testCases.TC_002_LoginTest - Setting username...
2024-09-12 19:01:29.836 [main] INFO  testCases.TC_002_LoginTest - Setting password...
2024-09-12 19:01:29.939 [main] INFO  testCases.TC_002_LoginTest - clicking on login button...
2024-09-12 19:01:30.526 [main] INFO  testCases.TC_002_LoginTest - confirming successful login...
2024-09-12 19:03:57.353 [main] DEBUG org.testng.TestNG - suiteXmlPath: "C:\Users\pratham.kale\eclipse-workspace\OpencartV_01\grouping.xml"
2024-09-12 19:03:57.779 [main] INFO  org.testng.internal.Utils - [TestNG] Running:
  C:\Users\pratham.kale\eclipse-workspace\OpencartV_01\grouping.xml

2024-09-12 19:04:06.694 [main] INFO  testCases.TC_001_AccountRegisteration - ******* Starting TC_001_AccountRegisteration 
2024-09-12 19:04:06.724 [main] INFO  testCases.TC_001_AccountRegisteration - Clicking on My account....
2024-09-12 19:04:06.956 [main] INFO  testCases.TC_001_AccountRegisteration - Clicking on Register....
2024-09-12 19:04:07.609 [main] INFO  testCases.TC_001_AccountRegisteration - Providing user details....
2024-09-12 19:04:09.426 [main] INFO  testCases.TC_001_AccountRegisteration - Validating expected message on page....
2024-09-12 19:04:09.483 [main] INFO  testCases.TC_001_AccountRegisteration - ******* Finished TC_001_AccountRegisteration 
2024-09-12 19:04:24.436 [main] INFO  testCases.TC_002_LoginTest - ******* Starting TC_002_login test 
2024-09-12 19:04:25.173 [main] INFO  testCases.TC_002_LoginTest - Setting username...
2024-09-12 19:04:25.285 [main] INFO  testCases.TC_002_LoginTest - Setting password...
2024-09-12 19:04:25.380 [main] INFO  testCases.TC_002_LoginTest - clicking on login button...
2024-09-12 19:04:25.947 [main] INFO  testCases.TC_002_LoginTest - confirming successful login...
2024-09-12 19:06:08.929 [main] DEBUG org.testng.TestNG - suiteXmlPath: "C:\Users\pratham.kale\eclipse-workspace\OpencartV_01\grouping.xml"
2024-09-12 19:06:09.351 [main] INFO  org.testng.internal.Utils - [TestNG] Running:
  C:\Users\pratham.kale\eclipse-workspace\OpencartV_01\grouping.xml

2024-09-12 19:06:18.589 [main] INFO  testCases.TC_001_AccountRegisteration - ******* Starting TC_001_AccountRegisteration 
2024-09-12 19:06:18.620 [main] INFO  testCases.TC_001_AccountRegisteration - Clicking on My account....
2024-09-12 19:06:18.874 [main] INFO  testCases.TC_001_AccountRegisteration - Clicking on Register....
2024-09-12 19:06:19.588 [main] INFO  testCases.TC_001_AccountRegisteration - Providing user details....
2024-09-12 19:06:21.342 [main] INFO  testCases.TC_001_AccountRegisteration - Validating expected message on page....
2024-09-12 19:06:21.413 [main] INFO  testCases.TC_001_AccountRegisteration - ******* Finished TC_001_AccountRegisteration 
2024-09-12 19:06:37.926 [main] INFO  testCases.TC_002_LoginTest - ******* Starting TC_002_login test 
2024-09-12 19:06:38.782 [main] INFO  testCases.TC_002_LoginTest - Setting username...
2024-09-12 19:06:38.914 [main] INFO  testCases.TC_002_LoginTest - Setting password...
2024-09-12 19:06:39.038 [main] INFO  testCases.TC_002_LoginTest - clicking on login button...
2024-09-12 19:06:40.050 [main] INFO  testCases.TC_002_LoginTest - confirming successful login...
2024-09-12 19:06:41.432 [main] INFO  testCases.TC_002_LoginTest - ******* Finished TC_002_Login test
2024-09-14 20:27:37.317 [main] DEBUG org.testng.TestNG - suiteXmlPath: "C:\Users\pratham.kale\eclipse-workspace\OpencartV_01\grouping.xml"
2024-09-14 20:27:37.815 [main] INFO  org.testng.internal.Utils - [TestNG] Running:
  C:\Users\pratham.kale\eclipse-workspace\OpencartV_01\grouping.xml

2024-09-14 20:27:50.496 [main] INFO  testCases.TC_001_AccountRegisteration - ******* Starting TC_001_AccountRegisteration 
2024-09-14 20:27:50.530 [main] INFO  testCases.TC_001_AccountRegisteration - Clicking on My account....
2024-09-14 20:27:50.706 [main] INFO  testCases.TC_001_AccountRegisteration - Clicking on Register....
2024-09-14 20:27:51.289 [main] INFO  testCases.TC_001_AccountRegisteration - Providing user details....
2024-09-14 20:27:53.100 [main] INFO  testCases.TC_001_AccountRegisteration - Validating expected message on page....
2024-09-14 20:27:53.150 [main] INFO  testCases.TC_001_AccountRegisteration - ******* Finished TC_001_AccountRegisteration 
