2024-08-18 21:22:01.032 [TestNG-tests-1] INFO  testCases.TC_001_AccountRegisteration - ******* Starting TC_001_AccountRegisteration 
2024-08-18 21:22:01.103 [TestNG-tests-1] INFO  testCases.TC_001_AccountRegisteration - Clicking on My account....
2024-08-18 21:22:01.267 [TestNG-tests-1] INFO  testCases.TC_001_AccountRegisteration - Clicking on Register....
2024-08-18 21:22:01.804 [TestNG-tests-3] INFO  testCases.TC_001_AccountRegisteration - ******* Starting TC_001_AccountRegisteration 
2024-08-18 21:22:01.805 [TestNG-tests-3] INFO  testCases.TC_001_AccountRegisteration - Clicking on My account....
2024-08-18 21:22:02.136 [TestNG-tests-3] INFO  testCases.TC_001_AccountRegisteration - Clicking on Register....
2024-08-18 21:22:02.186 [TestNG-tests-1] INFO  testCases.TC_001_AccountRegisteration - Providing user details....
2024-08-18 21:22:03.258 [TestNG-tests-3] INFO  testCases.TC_001_AccountRegisteration - Providing user details....
2024-08-18 21:22:03.612 [TestNG-tests-1] INFO  testCases.TC_001_AccountRegisteration - Validating expected message on page....
2024-08-18 21:22:03.666 [TestNG-tests-1] INFO  testCases.TC_001_AccountRegisteration - ******* Finished TC_001_AccountRegisteration 
2024-08-18 21:22:05.288 [TestNG-tests-3] INFO  testCases.TC_001_AccountRegisteration - Validating expected message on page....
2024-08-18 21:22:05.330 [TestNG-tests-3] INFO  testCases.TC_001_AccountRegisteration - ******* Finished TC_001_AccountRegisteration 
2024-08-18 21:22:05.753 [TestNG-tests-2] INFO  testCases.TC_001_AccountRegisteration - ******* Starting TC_001_AccountRegisteration 
2024-08-18 21:22:05.754 [TestNG-tests-2] INFO  testCases.TC_001_AccountRegisteration - Clicking on My account....
2024-08-18 21:22:06.504 [TestNG-tests-2] INFO  testCases.TC_001_AccountRegisteration - Clicking on Register....
2024-08-18 21:22:07.281 [TestNG-tests-2] INFO  testCases.TC_001_AccountRegisteration - Providing user details....
2024-08-18 21:22:10.081 [TestNG-tests-2] INFO  testCases.TC_001_AccountRegisteration - Validating expected message on page....
2024-08-18 21:22:10.114 [TestNG-tests-2] INFO  testCases.TC_001_AccountRegisteration - ******* Finished TC_001_AccountRegisteration 
2024-08-20 12:51:25.023 [main] INFO  testCases.TC_001_AccountRegisteration - ******* Starting TC_001_AccountRegisteration 
2024-08-20 12:51:25.058 [main] INFO  testCases.TC_001_AccountRegisteration - Clicking on My account....
2024-08-20 12:51:25.242 [main] INFO  testCases.TC_001_AccountRegisteration - Clicking on Register....
2024-08-20 12:51:26.013 [main] INFO  testCases.TC_001_AccountRegisteration - Providing user details....
2024-08-20 12:51:27.628 [main] INFO  testCases.TC_001_AccountRegisteration - Validating expected message on page....
2024-08-20 12:51:27.686 [main] INFO  testCases.TC_001_AccountRegisteration - ******* Finished TC_001_AccountRegisteration 
2024-08-20 12:51:41.452 [main] INFO  testCases.TC_002_LoginTest - ******* Starting TC_002_login test 
2024-08-20 12:51:42.187 [main] INFO  testCases.TC_002_LoginTest - Setting username...
2024-08-20 12:51:42.315 [main] INFO  testCases.TC_002_LoginTest - Setting password...
2024-08-20 12:51:42.428 [main] INFO  testCases.TC_002_LoginTest - confirming successful login...
2024-08-20 12:54:36.823 [main] INFO  testCases.TC_001_AccountRegisteration - ******* Starting TC_001_AccountRegisteration 
2024-08-20 12:54:36.852 [main] INFO  testCases.TC_001_AccountRegisteration - Clicking on My account....
2024-08-20 12:54:36.943 [main] INFO  testCases.TC_001_AccountRegisteration - Clicking on Register....
2024-08-20 12:54:37.775 [main] INFO  testCases.TC_001_AccountRegisteration - Providing user details....
2024-08-20 12:54:40.111 [main] INFO  testCases.TC_001_AccountRegisteration - Validating expected message on page....
2024-08-20 12:54:40.177 [main] INFO  testCases.TC_001_AccountRegisteration - ******* Finished TC_001_AccountRegisteration 
2024-08-20 12:54:55.186 [main] INFO  testCases.TC_002_LoginTest - ******* Starting TC_002_login test 
2024-08-20 12:54:55.902 [main] INFO  testCases.TC_002_LoginTest - Setting username...
2024-08-20 12:54:56.055 [main] INFO  testCases.TC_002_LoginTest - Setting password...
2024-08-20 12:54:56.165 [main] INFO  testCases.TC_002_LoginTest - clicking on login button...
2024-08-20 12:54:57.067 [main] INFO  testCases.TC_002_LoginTest - confirming successful login...
2024-08-20 12:54:57.137 [main] INFO  testCases.TC_002_LoginTest - ******* Finished TC_002_Login test
2024-08-20 13:04:16.396 [main] INFO  testCases.TC_001_AccountRegisteration - ******* Starting TC_001_AccountRegisteration 
2024-08-20 13:04:16.427 [main] INFO  testCases.TC_001_AccountRegisteration - Clicking on My account....
2024-08-20 13:04:16.506 [main] INFO  testCases.TC_001_AccountRegisteration - Clicking on Register....
2024-08-20 13:04:17.155 [main] INFO  testCases.TC_001_AccountRegisteration - Providing user details....
2024-08-20 13:04:18.758 [main] INFO  testCases.TC_001_AccountRegisteration - Validating expected message on page....
