2024-09-12 18:13:22.412 [main] DEBUG org.apache.poi.openxml4j.opc.PackageRelationshipCollection - Parsing relationship: /_rels/.rels
2024-09-12 18:13:22.441 [main] DEBUG org.apache.poi.openxml4j.opc.PackageRelationshipCollection - Parsing relationship: /xl/_rels/workbook.xml.rels
2024-09-12 18:13:22.442 [main] DEBUG org.apache.poi.openxml4j.opc.PackageRelationshipCollection - Parsing relationship: /xl/worksheets/_rels/sheet1.xml.rels
2024-09-12 18:13:22.443 [main] DEBUG org.apache.poi.openxml4j.opc.PackageRelationshipCollection - Parsing relationship: /_rels/.rels
2024-09-12 18:13:22.468 [main] DEBUG org.apache.poi.openxml4j.opc.PackageRelationshipCollection - Parsing relationship: /xl/_rels/workbook.xml.rels
2024-09-12 18:13:22.469 [main] DEBUG org.apache.poi.openxml4j.opc.PackageRelationshipCollection - Parsing relationship: /xl/worksheets/_rels/sheet1.xml.rels
2024-09-12 18:13:22.470 [main] DEBUG org.apache.poi.openxml4j.opc.PackageRelationshipCollection - Parsing relationship: /_rels/.rels
2024-09-12 18:13:22.485 [main] DEBUG org.apache.poi.openxml4j.opc.PackageRelationshipCollection - Parsing relationship: /xl/_rels/workbook.xml.rels
2024-09-12 18:13:22.486 [main] DEBUG org.apache.poi.openxml4j.opc.PackageRelationshipCollection - Parsing relationship: /xl/worksheets/_rels/sheet1.xml.rels
2024-09-12 18:13:22.486 [main] DEBUG org.apache.poi.openxml4j.opc.PackageRelationshipCollection - Parsing relationship: /_rels/.rels
2024-09-12 18:13:22.502 [main] DEBUG org.apache.poi.openxml4j.opc.PackageRelationshipCollection - Parsing relationship: /xl/_rels/workbook.xml.rels
2024-09-12 18:13:22.502 [main] DEBUG org.apache.poi.openxml4j.opc.PackageRelationshipCollection - Parsing relationship: /xl/worksheets/_rels/sheet1.xml.rels
2024-09-12 18:13:22.503 [main] DEBUG org.apache.poi.openxml4j.opc.PackageRelationshipCollection - Parsing relationship: /_rels/.rels
2024-09-12 18:13:22.519 [main] DEBUG org.apache.poi.openxml4j.opc.PackageRelationshipCollection - Parsing relationship: /xl/_rels/workbook.xml.rels
2024-09-12 18:13:22.520 [main] DEBUG org.apache.poi.openxml4j.opc.PackageRelationshipCollection - Parsing relationship: /xl/worksheets/_rels/sheet1.xml.rels
2024-09-12 18:13:22.520 [main] DEBUG org.apache.poi.openxml4j.opc.PackageRelationshipCollection - Parsing relationship: /_rels/.rels
2024-09-12 18:13:22.539 [main] DEBUG org.apache.poi.openxml4j.opc.PackageRelationshipCollection - Parsing relationship: /xl/_rels/workbook.xml.rels
2024-09-12 18:13:22.540 [main] DEBUG org.apache.poi.openxml4j.opc.PackageRelationshipCollection - Parsing relationship: /xl/worksheets/_rels/sheet1.xml.rels
2024-09-12 18:13:22.540 [main] DEBUG org.apache.poi.openxml4j.opc.PackageRelationshipCollection - Parsing relationship: /_rels/.rels
2024-09-12 18:13:22.556 [main] DEBUG org.apache.poi.openxml4j.opc.PackageRelationshipCollection - Parsing relationship: /xl/_rels/workbook.xml.rels
2024-09-12 18:13:22.557 [main] DEBUG org.apache.poi.openxml4j.opc.PackageRelationshipCollection - Parsing relationship: /xl/worksheets/_rels/sheet1.xml.rels
2024-09-12 18:13:22.557 [main] DEBUG org.apache.poi.openxml4j.opc.PackageRelationshipCollection - Parsing relationship: /_rels/.rels
2024-09-12 18:13:22.572 [main] DEBUG org.apache.poi.openxml4j.opc.PackageRelationshipCollection - Parsing relationship: /xl/_rels/workbook.xml.rels
2024-09-12 18:13:22.572 [main] DEBUG org.apache.poi.openxml4j.opc.PackageRelationshipCollection - Parsing relationship: /xl/worksheets/_rels/sheet1.xml.rels
2024-09-12 18:13:22.573 [main] DEBUG org.apache.poi.openxml4j.opc.PackageRelationshipCollection - Parsing relationship: /_rels/.rels
2024-09-12 18:13:22.588 [main] DEBUG org.apache.poi.openxml4j.opc.PackageRelationshipCollection - Parsing relationship: /xl/_rels/workbook.xml.rels
2024-09-12 18:13:22.589 [main] DEBUG org.apache.poi.openxml4j.opc.PackageRelationshipCollection - Parsing relationship: /xl/worksheets/_rels/sheet1.xml.rels
2024-09-12 18:13:22.589 [main] DEBUG org.apache.poi.openxml4j.opc.PackageRelationshipCollection - Parsing relationship: /_rels/.rels
2024-09-12 18:13:22.603 [main] DEBUG org.apache.poi.openxml4j.opc.PackageRelationshipCollection - Parsing relationship: /xl/_rels/workbook.xml.rels
2024-09-12 18:13:22.604 [main] DEBUG org.apache.poi.openxml4j.opc.PackageRelationshipCollection - Parsing relationship: /xl/worksheets/_rels/sheet1.xml.rels
2024-09-12 18:13:22.604 [main] DEBUG org.apache.poi.openxml4j.opc.PackageRelationshipCollection - Parsing relationship: /_rels/.rels
2024-09-12 18:13:22.618 [main] DEBUG org.apache.poi.openxml4j.opc.PackageRelationshipCollection - Parsing relationship: /xl/_rels/workbook.xml.rels
2024-09-12 18:13:22.619 [main] DEBUG org.apache.poi.openxml4j.opc.PackageRelationshipCollection - Parsing relationship: /xl/worksheets/_rels/sheet1.xml.rels
2024-09-12 18:13:22.619 [main] DEBUG org.apache.poi.openxml4j.opc.PackageRelationshipCollection - Parsing relationship: /_rels/.rels
2024-09-12 18:13:22.631 [main] DEBUG org.apache.poi.openxml4j.opc.PackageRelationshipCollection - Parsing relationship: /xl/_rels/workbook.xml.rels
2024-09-12 18:13:22.632 [main] DEBUG org.apache.poi.openxml4j.opc.PackageRelationshipCollection - Parsing relationship: /xl/worksheets/_rels/sheet1.xml.rels
2024-09-12 18:13:22.632 [main] DEBUG org.apache.poi.openxml4j.opc.PackageRelationshipCollection - Parsing relationship: /_rels/.rels
2024-09-12 18:13:22.644 [main] DEBUG org.apache.poi.openxml4j.opc.PackageRelationshipCollection - Parsing relationship: /xl/_rels/workbook.xml.rels
2024-09-12 18:13:22.645 [main] DEBUG org.apache.poi.openxml4j.opc.PackageRelationshipCollection - Parsing relationship: /xl/worksheets/_rels/sheet1.xml.rels
2024-09-12 18:13:22.646 [main] DEBUG org.apache.poi.openxml4j.opc.PackageRelationshipCollection - Parsing relationship: /_rels/.rels
2024-09-12 18:13:22.660 [main] DEBUG org.apache.poi.openxml4j.opc.PackageRelationshipCollection - Parsing relationship: /xl/_rels/workbook.xml.rels
2024-09-12 18:13:22.660 [main] DEBUG org.apache.poi.openxml4j.opc.PackageRelationshipCollection - Parsing relationship: /xl/worksheets/_rels/sheet1.xml.rels
2024-09-12 18:13:22.661 [main] DEBUG org.apache.poi.openxml4j.opc.PackageRelationshipCollection - Parsing relationship: /_rels/.rels
2024-09-12 18:13:22.673 [main] DEBUG org.apache.poi.openxml4j.opc.PackageRelationshipCollection - Parsing relationship: /xl/_rels/workbook.xml.rels
2024-09-12 18:13:22.674 [main] DEBUG org.apache.poi.openxml4j.opc.PackageRelationshipCollection - Parsing relationship: /xl/worksheets/_rels/sheet1.xml.rels
2024-09-12 18:13:22.674 [main] DEBUG org.apache.poi.openxml4j.opc.PackageRelationshipCollection - Parsing relationship: /_rels/.rels
2024-09-12 18:17:01.867 [main] DEBUG org.testng.TestNG - suiteXmlPath: "C:\Users\pratham.kale\eclipse-workspace\OpencartV_01\grouping.xml"
2024-09-12 18:17:02.172 [main] INFO  org.testng.internal.Utils - [TestNG] Running:
  C:\Users\pratham.kale\eclipse-workspace\OpencartV_01\grouping.xml

2024-09-12 18:17:09.612 [main] INFO  testCases.TC_001_AccountRegisteration - ******* Starting TC_001_AccountRegisteration 
2024-09-12 18:17:09.632 [main] INFO  testCases.TC_001_AccountRegisteration - Clicking on My account....
2024-09-12 18:17:09.695 [main] INFO  testCases.TC_001_AccountRegisteration - Clicking on Register....
2024-09-12 18:17:10.409 [main] INFO  testCases.TC_001_AccountRegisteration - Providing user details....
2024-09-12 18:17:11.773 [main] INFO  testCases.TC_001_AccountRegisteration - Validating expected message on page....
2024-09-12 18:17:11.812 [main] INFO  testCases.TC_001_AccountRegisteration - ******* Finished TC_001_AccountRegisteration 
2024-09-12 18:17:24.709 [main] INFO  testCases.TC_002_LoginTest - ******* Starting TC_002_login test 
2024-09-12 18:17:25.205 [main] INFO  testCases.TC_002_LoginTest - Setting username...
2024-09-12 18:17:25.301 [main] INFO  testCases.TC_002_LoginTest - Setting password...
2024-09-12 18:17:25.378 [main] INFO  testCases.TC_002_LoginTest - clicking on login button...
2024-09-12 18:17:26.003 [main] INFO  testCases.TC_002_LoginTest - confirming successful login...
2024-09-12 18:17:26.957 [main] INFO  testCases.TC_002_LoginTest - ******* Finished TC_002_Login test
2024-09-12 18:21:17.248 [main] DEBUG org.testng.TestNG - suiteXmlPath: "C:\Users\pratham.kale\eclipse-workspace\OpencartV_01\grouping.xml"
2024-09-12 18:21:17.631 [main] INFO  org.testng.internal.Utils - [TestNG] Running:
  C:\Users\pratham.kale\eclipse-workspace\OpencartV_01\grouping.xml

2024-09-12 18:21:25.927 [main] INFO  testCases.TC_001_AccountRegisteration - ******* Starting TC_001_AccountRegisteration 
2024-09-12 18:21:25.958 [main] INFO  testCases.TC_001_AccountRegisteration - Clicking on My account....
2024-09-12 18:21:26.062 [main] INFO  testCases.TC_001_AccountRegisteration - Clicking on Register....
2024-09-12 18:21:26.726 [main] INFO  testCases.TC_001_AccountRegisteration - Providing user details....
2024-09-12 18:21:27.946 [main] INFO  testCases.TC_001_AccountRegisteration - Validating expected message on page....
2024-09-12 18:21:27.992 [main] INFO  testCases.TC_001_AccountRegisteration - ******* Finished TC_001_AccountRegisteration 
2024-09-12 18:21:41.387 [main] INFO  testCases.TC_002_LoginTest - ******* Starting TC_002_login test 
2024-09-12 18:21:41.859 [main] INFO  testCases.TC_002_LoginTest - Setting username...
2024-09-12 18:21:41.947 [main] INFO  testCases.TC_002_LoginTest - Setting password...
2024-09-12 18:21:41.998 [main] INFO  testCases.TC_002_LoginTest - clicking on login button...
2024-09-12 18:21:42.648 [main] INFO  testCases.TC_002_LoginTest - confirming successful login...
2024-09-12 18:21:43.529 [main] INFO  testCases.TC_002_LoginTest - ******* Finished TC_002_Login test
2024-09-12 18:22:36.220 [main] DEBUG org.testng.TestNG - suiteXmlPath: "C:\Users\pratham.kale\eclipse-workspace\OpencartV_01\grouping.xml"
2024-09-12 18:22:36.548 [main] INFO  org.testng.internal.Utils - [TestNG] Running:
  C:\Users\pratham.kale\eclipse-workspace\OpencartV_01\grouping.xml

2024-09-12 18:22:43.200 [main] INFO  testCases.TC_001_AccountRegisteration - ******* Starting TC_001_AccountRegisteration 
2024-09-12 18:22:43.216 [main] INFO  testCases.TC_001_AccountRegisteration - Clicking on My account....
2024-09-12 18:22:43.290 [main] INFO  testCases.TC_001_AccountRegisteration - Clicking on Register....
2024-09-12 18:22:43.927 [main] INFO  testCases.TC_001_AccountRegisteration - Providing user details....
2024-09-12 18:22:45.157 [main] INFO  testCases.TC_001_AccountRegisteration - Validating expected message on page....
2024-09-12 18:22:45.203 [main] INFO  testCases.TC_001_AccountRegisteration - ******* Finished TC_001_AccountRegisteration 
2024-09-12 18:22:56.981 [main] INFO  testCases.TC_002_LoginTest - ******* Starting TC_002_login test 
2024-09-12 18:22:57.442 [main] INFO  testCases.TC_002_LoginTest - Setting username...
2024-09-12 18:22:57.526 [main] INFO  testCases.TC_002_LoginTest - Setting password...
2024-09-12 18:22:57.582 [main] INFO  testCases.TC_002_LoginTest - clicking on login button...
2024-09-12 18:22:58.182 [main] INFO  testCases.TC_002_LoginTest - confirming successful login...
2024-09-12 18:22:59.220 [main] INFO  testCases.TC_002_LoginTest - ******* Finished TC_002_Login test
2024-09-12 18:24:53.334 [main] DEBUG org.testng.TestNG - suiteXmlPath: "C:\Users\pratham.kale\eclipse-workspace\OpencartV_01\grouping.xml"
2024-09-12 18:24:53.681 [main] INFO  org.testng.internal.Utils - [TestNG] Running:
  C:\Users\pratham.kale\eclipse-workspace\OpencartV_01\grouping.xml

2024-09-12 18:25:03.508 [main] INFO  testCases.TC_001_AccountRegisteration - ******* Starting TC_001_AccountRegisteration 
2024-09-12 18:25:03.532 [main] INFO  testCases.TC_001_AccountRegisteration - Clicking on My account....
2024-09-12 18:25:03.630 [main] INFO  testCases.TC_001_AccountRegisteration - Clicking on Register....
2024-09-12 18:25:04.418 [main] INFO  testCases.TC_001_AccountRegisteration - Providing user details....
2024-09-12 18:25:05.619 [main] INFO  testCases.TC_001_AccountRegisteration - Validating expected message on page....
2024-09-12 18:25:05.678 [main] INFO  testCases.TC_001_AccountRegisteration - ******* Finished TC_001_AccountRegisteration 
2024-09-12 18:25:19.111 [main] INFO  testCases.TC_002_LoginTest - ******* Starting TC_002_login test 
2024-09-12 18:25:19.648 [main] INFO  testCases.TC_002_LoginTest - Setting username...
2024-09-12 18:25:19.729 [main] INFO  testCases.TC_002_LoginTest - Setting password...
2024-09-12 18:25:19.779 [main] INFO  testCases.TC_002_LoginTest - clicking on login button...
2024-09-12 18:25:20.483 [main] INFO  testCases.TC_002_LoginTest - confirming successful login...
2024-09-12 18:25:21.689 [main] INFO  testCases.TC_002_LoginTest - ******* Finished TC_002_Login test
2024-09-12 18:27:08.548 [main] DEBUG org.testng.TestNG - suiteXmlPath: "C:\Users\pratham.kale\eclipse-workspace\OpencartV_01\grouping.xml"
2024-09-12 18:27:08.851 [main] INFO  org.testng.internal.Utils - [TestNG] Running:
  C:\Users\pratham.kale\eclipse-workspace\OpencartV_01\grouping.xml

2024-09-12 18:27:16.262 [main] INFO  testCases.TC_001_AccountRegisteration - ******* Starting TC_001_AccountRegisteration 
2024-09-12 18:27:16.290 [main] INFO  testCases.TC_001_AccountRegisteration - Clicking on My account....
2024-09-12 18:27:16.386 [main] INFO  testCases.TC_001_AccountRegisteration - Clicking on Register....
2024-09-12 18:27:17.044 [main] INFO  testCases.TC_001_AccountRegisteration - Providing user details....
2024-09-12 18:27:18.224 [main] INFO  testCases.TC_001_AccountRegisteration - Validating expected message on page....
2024-09-12 18:27:18.274 [main] INFO  testCases.TC_001_AccountRegisteration - ******* Finished TC_001_AccountRegisteration 
2024-09-12 18:27:33.230 [main] INFO  testCases.TC_002_LoginTest - ******* Starting TC_002_login test 
2024-09-12 18:27:33.755 [main] INFO  testCases.TC_002_LoginTest - Setting username...
2024-09-12 18:27:33.847 [main] INFO  testCases.TC_002_LoginTest - Setting password...
2024-09-12 18:27:33.910 [main] INFO  testCases.TC_002_LoginTest - clicking on login button...
2024-09-12 18:27:34.649 [main] INFO  testCases.TC_002_LoginTest - confirming successful login...
2024-09-12 18:27:35.806 [main] INFO  testCases.TC_002_LoginTest - ******* Finished TC_002_Login test
2024-09-12 18:31:50.151 [main] DEBUG org.testng.TestNG - suiteXmlPath: "C:\Users\pratham.kale\eclipse-workspace\OpencartV_01\grouping.xml"
2024-09-12 18:31:50.459 [main] INFO  org.testng.internal.Utils - [TestNG] Running:
  C:\Users\pratham.kale\eclipse-workspace\OpencartV_01\grouping.xml

2024-09-12 18:31:57.414 [main] INFO  testCases.TC_001_AccountRegisteration - ******* Starting TC_001_AccountRegisteration 
2024-09-12 18:31:57.432 [main] INFO  testCases.TC_001_AccountRegisteration - Clicking on My account....
2024-09-12 18:31:57.487 [main] INFO  testCases.TC_001_AccountRegisteration - Clicking on Register....
