2024-09-14 20:28:05.712 [main] INFO  testCases.TC_002_LoginTest - ******* Starting TC_002_login test 
2024-09-14 20:28:06.489 [main] INFO  testCases.TC_002_LoginTest - Setting username...
2024-09-14 20:28:06.606 [main] INFO  testCases.TC_002_LoginTest - Setting password...
2024-09-14 20:28:06.692 [main] INFO  testCases.TC_002_LoginTest - clicking on login button...
2024-09-14 20:28:07.299 [main] INFO  testCases.TC_002_LoginTest - confirming successful login...
2024-09-14 20:28:08.240 [main] INFO  testCases.TC_002_LoginTest - ******* Finished TC_002_Login test
2024-09-16 19:09:07.057 [main] DEBUG org.testng.TestNG - suiteXmlPath: "C:\Users\pratham.kale\eclipse-workspace\OpencartV_01\grouping.xml"
2024-09-16 19:09:07.511 [main] INFO  org.testng.internal.Utils - [TestNG] Running:
  C:\Users\pratham.kale\eclipse-workspace\OpencartV_01\grouping.xml

2024-09-16 19:09:27.426 [main] INFO  testCases.TC_001_AccountRegisteration - ******* Starting TC_001_AccountRegisteration 
2024-09-16 19:09:27.469 [main] INFO  testCases.TC_001_AccountRegisteration - Clicking on My account....
2024-09-16 19:09:27.562 [main] INFO  testCases.TC_001_AccountRegisteration - Clicking on Register....
2024-09-16 19:09:28.428 [main] INFO  testCases.TC_001_AccountRegisteration - Providing user details....
2024-09-16 19:09:30.713 [main] INFO  testCases.TC_001_AccountRegisteration - Validating expected message on page....
2024-09-16 19:09:30.781 [main] INFO  testCases.TC_001_AccountRegisteration - ******* Finished TC_001_AccountRegisteration 
2024-09-16 19:09:47.321 [main] INFO  testCases.TC_002_LoginTest - ******* Starting TC_002_login test 
2024-09-16 19:09:47.872 [main] INFO  testCases.TC_002_LoginTest - Setting username...
2024-09-16 19:09:48.025 [main] INFO  testCases.TC_002_LoginTest - Setting password...
2024-09-16 19:09:48.161 [main] INFO  testCases.TC_002_LoginTest - clicking on login button...
2024-09-16 19:09:49.024 [main] INFO  testCases.TC_002_LoginTest - confirming successful login...
2024-09-16 19:09:50.482 [main] INFO  testCases.TC_002_LoginTest - ******* Finished TC_002_Login test
2024-09-18 16:36:46.261 [main] DEBUG org.testng.TestNG - suiteXmlPath: "C:\Users\pratham.kale\eclipse-workspace\OpencartV_01\grouping.xml"
2024-09-18 16:36:57.299 [main] INFO  testCases.TC_001_AccountRegisteration - ******* Starting TC_001_AccountRegisteration 
2024-09-18 16:36:57.315 [main] INFO  testCases.TC_001_AccountRegisteration - Clicking on My account....
2024-09-18 16:36:57.391 [main] INFO  testCases.TC_001_AccountRegisteration - Clicking on Register....
2024-09-18 16:36:58.027 [main] INFO  testCases.TC_001_AccountRegisteration - Providing user details....
2024-09-18 16:36:59.364 [main] INFO  testCases.TC_001_AccountRegisteration - Validating expected message on page....
2024-09-18 16:36:59.411 [main] INFO  testCases.TC_001_AccountRegisteration - ******* Finished TC_001_AccountRegisteration 
2024-09-18 16:37:13.027 [main] INFO  testCases.TC_002_LoginTest - ******* Starting TC_002_login test 
2024-09-18 16:37:13.499 [main] INFO  testCases.TC_002_LoginTest - Setting username...
2024-09-18 16:37:13.575 [main] INFO  testCases.TC_002_LoginTest - Setting password...
2024-09-18 16:37:13.634 [main] INFO  testCases.TC_002_LoginTest - clicking on login button...
2024-09-18 16:37:14.620 [main] INFO  testCases.TC_002_LoginTest - confirming successful login...
2024-09-18 16:37:15.758 [main] INFO  testCases.TC_002_LoginTest - ******* Finished TC_002_Login test
2024-09-19 15:45:28.415 [main] DEBUG org.testng.TestNG - suiteXmlPath: "C:\Users\pratham.kale\eclipse-workspace\OpencartV_01\grouping.xml"
2024-09-19 15:45:42.554 [main] INFO  testCases.TC_001_AccountRegisteration - ******* Starting TC_001_AccountRegisteration 
2024-09-19 15:45:42.579 [main] INFO  testCases.TC_001_AccountRegisteration - Clicking on My account....
2024-09-19 15:45:42.638 [main] INFO  testCases.TC_001_AccountRegisteration - Clicking on Register....
2024-09-19 15:45:43.505 [main] INFO  testCases.TC_001_AccountRegisteration - Providing user details....
2024-09-19 15:45:46.640 [main] INFO  testCases.TC_001_AccountRegisteration - Validating expected message on page....
2024-09-19 15:45:46.675 [main] INFO  testCases.TC_001_AccountRegisteration - ******* Finished TC_001_AccountRegisteration 
2024-09-19 15:45:59.195 [main] INFO  testCases.TC_002_LoginTest - ******* Starting TC_002_login test 
2024-09-19 15:45:59.709 [main] INFO  testCases.TC_002_LoginTest - Setting username...
2024-09-19 15:45:59.794 [main] INFO  testCases.TC_002_LoginTest - Setting password...
2024-09-19 15:45:59.856 [main] INFO  testCases.TC_002_LoginTest - clicking on login button...
2024-09-19 15:46:00.945 [main] INFO  testCases.TC_002_LoginTest - confirming successful login...
2024-09-19 15:46:02.219 [main] INFO  testCases.TC_002_LoginTest - ******* Finished TC_002_Login test
2024-09-21 08:48:51.327 [main] DEBUG org.testng.TestNG - suiteXmlPath: "C:\Users\pratham.kale\eclipse-workspace\OpencartV_01\grouping.xml"
2024-09-21 08:49:07.293 [main] INFO  testCases.TC_001_AccountRegisteration - ******* Starting TC_001_AccountRegisteration 
2024-09-21 08:49:07.331 [main] INFO  testCases.TC_001_AccountRegisteration - Clicking on My account....
2024-09-21 08:49:07.418 [main] INFO  testCases.TC_001_AccountRegisteration - Clicking on Register....
2024-09-21 08:49:07.996 [main] INFO  testCases.TC_001_AccountRegisteration - Providing user details....
2024-09-21 08:49:10.206 [main] INFO  testCases.TC_001_AccountRegisteration - Validating expected message on page....
2024-09-21 08:49:10.267 [main] INFO  testCases.TC_001_AccountRegisteration - ******* Finished TC_001_AccountRegisteration 
2024-09-21 08:49:24.624 [main] INFO  testCases.TC_002_LoginTest - ******* Starting TC_002_login test 
2024-09-21 08:49:25.358 [main] INFO  testCases.TC_002_LoginTest - Setting username...
2024-09-21 08:49:25.473 [main] INFO  testCases.TC_002_LoginTest - Setting password...
2024-09-21 08:49:25.599 [main] INFO  testCases.TC_002_LoginTest - clicking on login button...
2024-09-21 08:49:26.371 [main] INFO  testCases.TC_002_LoginTest - confirming successful login...
2024-09-21 08:49:27.437 [main] INFO  testCases.TC_002_LoginTest - ******* Finished TC_002_Login test
2024-09-21 08:53:07.014 [main] DEBUG org.testng.TestNG - suiteXmlPath: "C:\Users\pratham.kale\eclipse-workspace\OpencartV_01\grouping.xml"
2024-09-21 08:53:16.974 [main] INFO  testCases.TC_001_AccountRegisteration - ******* Starting TC_001_AccountRegisteration 
2024-09-21 08:53:16.993 [main] INFO  testCases.TC_001_AccountRegisteration - Clicking on My account....
2024-09-21 08:53:17.081 [main] INFO  testCases.TC_001_AccountRegisteration - Clicking on Register....
2024-09-21 08:53:17.827 [main] INFO  testCases.TC_001_AccountRegisteration - Providing user details....
2024-09-21 08:53:19.498 [main] INFO  testCases.TC_001_AccountRegisteration - Validating expected message on page....
2024-09-21 08:53:19.557 [main] INFO  testCases.TC_001_AccountRegisteration - ******* Finished TC_001_AccountRegisteration 
2024-09-21 08:53:34.681 [main] INFO  testCases.TC_002_LoginTest - ******* Starting TC_002_login test 
2024-09-21 08:53:35.454 [main] INFO  testCases.TC_002_LoginTest - Setting username...
2024-09-21 08:53:35.635 [main] INFO  testCases.TC_002_LoginTest - Setting password...
2024-09-21 08:53:35.764 [main] INFO  testCases.TC_002_LoginTest - clicking on login button...
2024-09-21 08:53:36.525 [main] INFO  testCases.TC_002_LoginTest - confirming successful login...
2024-09-21 08:53:37.832 [main] INFO  testCases.TC_002_LoginTest - ******* Finished TC_002_Login test
2024-09-22 07:12:19.382 [main] DEBUG org.testng.TestNG - suiteXmlPath: "C:\Users\pratham.kale\eclipse-workspace\OpencartV_01\grouping.xml"
2024-09-22 07:12:33.686 [main] INFO  testCases.TC_001_AccountRegisteration - ******* Starting TC_001_AccountRegisteration 
2024-09-22 07:12:33.722 [main] INFO  testCases.TC_001_AccountRegisteration - Clicking on My account....
2024-09-22 07:12:33.963 [main] INFO  testCases.TC_001_AccountRegisteration - Clicking on Register....
2024-09-22 07:12:34.595 [main] INFO  testCases.TC_001_AccountRegisteration - Providing user details....
2024-09-22 07:12:35.872 [main] INFO  testCases.TC_001_AccountRegisteration - Validating expected message on page....
2024-09-22 07:12:35.913 [main] INFO  testCases.TC_001_AccountRegisteration - ******* Finished TC_001_AccountRegisteration 
2024-09-22 07:12:47.690 [main] INFO  testCases.TC_002_LoginTest - ******* Starting TC_002_login test 
2024-09-22 07:12:48.368 [main] INFO  testCases.TC_002_LoginTest - Setting username...
2024-09-22 07:12:48.462 [main] INFO  testCases.TC_002_LoginTest - Setting password...
2024-09-22 07:12:48.533 [main] INFO  testCases.TC_002_LoginTest - clicking on login button...
2024-09-22 07:12:49.190 [main] INFO  testCases.TC_002_LoginTest - confirming successful login...
2024-09-22 07:12:50.134 [main] INFO  testCases.TC_002_LoginTest - ******* Finished TC_002_Login test
2024-09-24 04:56:39.153 [main] DEBUG org.testng.TestNG - suiteXmlPath: "C:\Users\pratham.kale\eclipse-workspace\OpencartV_01\grouping.xml"
2024-09-24 04:56:50.426 [main] INFO  testCases.TC_001_AccountRegisteration - ******* Starting TC_001_AccountRegisteration 
2024-09-24 04:56:50.457 [main] INFO  testCases.TC_001_AccountRegisteration - Clicking on My account....
2024-09-24 04:56:50.531 [main] INFO  testCases.TC_001_AccountRegisteration - Clicking on Register....
2024-09-24 04:56:51.144 [main] INFO  testCases.TC_001_AccountRegisteration - Providing user details....
2024-09-24 04:56:52.594 [main] INFO  testCases.TC_001_AccountRegisteration - Validating expected message on page....
2024-09-24 04:56:52.656 [main] INFO  testCases.TC_001_AccountRegisteration - ******* Finished TC_001_AccountRegisteration 
2024-09-24 04:57:04.787 [main] INFO  testCases.TC_002_LoginTest - ******* Starting TC_002_login test 
2024-09-24 04:57:05.261 [main] INFO  testCases.TC_002_LoginTest - Setting username...
2024-09-24 04:57:05.346 [main] INFO  testCases.TC_002_LoginTest - Setting password...
2024-09-24 04:57:05.407 [main] INFO  testCases.TC_002_LoginTest - clicking on login button...
2024-09-24 04:57:06.078 [main] INFO  testCases.TC_002_LoginTest - confirming successful login...
2024-09-24 04:57:07.203 [main] INFO  testCases.TC_002_LoginTest - ******* Finished TC_002_Login test
